<?xml version="1.0" encoding="UTF-8"?>
<!-- Generated by org.testng.reporters.JUnitReportReporter -->
<testsuite skipped="0" hostname="DESKTOP-QTN1F52" name="com.radioButton.test.Alert" tests="1" failures="0" timestamp="2020-09-23T14:22:56 IST" time="26.457" errors="0">
  <testcase name="alertHandle" time="26.457" classname="com.radioButton.test.Alert"/>
  <system-out/>
</testsuite> <!-- com.radioButton.test.Alert -->
