<?xml version="1.0" encoding="UTF-8"?>
<!-- Generated by org.testng.reporters.JUnitReportReporter -->
<testsuite skipped="0" hostname="DESKTOP-QTN1F52" name="com.PagesTesCases.test.Frame" tests="1" failures="0" timestamp="2020-09-23T16:39:16 IST" time="31.324" errors="0">
  <testcase name="frameSwitch" time="31.324" classname="com.PagesTesCases.test.Frame"/>
  <system-out/>
</testsuite> <!-- com.PagesTesCases.test.Frame -->
