<?xml version="1.0" encoding="UTF-8"?>
<!-- Generated by org.testng.reporters.JUnitReportReporter -->
<testsuite skipped="0" hostname="DESKTOP-QTN1F52" name="com.radioButton.test.CheckBox" tests="1" failures="0" timestamp="2020-09-23T14:04:24 IST" time="19.911" errors="0">
  <testcase name="checkBoxClick" time="19.911" classname="com.radioButton.test.CheckBox"/>
  <system-out/>
</testsuite> <!-- com.radioButton.test.CheckBox -->
