<?xml version="1.0" encoding="UTF-8"?>
<!-- Generated by org.testng.reporters.JUnitReportReporter -->
<testsuite skipped="0" hostname="DESKTOP-QTN1F52" name="com.radioButton.test.MouseHover" tests="1" failures="0" timestamp="2020-09-23T16:03:58 IST" time="64.064" errors="0">
  <testcase name="mouseHoverFunctionality" time="64.064" classname="com.radioButton.test.MouseHover"/>
  <system-out/>
</testsuite> <!-- com.radioButton.test.MouseHover -->
