<?xml version="1.0" encoding="UTF-8"?>
<!-- Generated by org.testng.reporters.JUnitReportReporter -->
<testsuite skipped="0" hostname="DESKTOP-QTN1F52" name="com.PagesTesCases.test.MouseHover" tests="1" failures="0" timestamp="2020-09-23T16:09:18 IST" time="66.185" errors="0">
  <testcase name="mouseHoverFunctionality" time="66.185" classname="com.PagesTesCases.test.MouseHover"/>
  <system-out/>
</testsuite> <!-- com.PagesTesCases.test.MouseHover -->
