<?xml version="1.0" encoding="UTF-8"?>
<!-- Generated by org.testng.reporters.JUnitReportReporter -->
<testsuite skipped="0" hostname="DESKTOP-QTN1F52" name="com.radioButton.test.DropDown" tests="1" failures="0" timestamp="2020-09-23T13:57:35 IST" time="25.504" errors="0">
  <testcase name="dropDownselect" time="25.504" classname="com.radioButton.test.DropDown"/>
  <system-out/>
</testsuite> <!-- com.radioButton.test.DropDown -->
