<?xml version="1.0" encoding="UTF-8"?>
<!-- Generated by org.testng.reporters.JUnitReportReporter -->
<testsuite skipped="0" hostname="DESKTOP-QTN1F52" name="com.radioButton.test.Alert" tests="1" failures="0" timestamp="2020-09-23T15:08:36 IST" time="26.647" errors="0">
  <testcase name="alertHandleAccept" time="26.647" classname="com.radioButton.test.Alert"/>
  <system-out/>
</testsuite> <!-- com.radioButton.test.Alert -->
