<?xml version="1.0" encoding="UTF-8"?>
<!-- Generated by org.testng.reporters.JUnitReportReporter -->
<testsuite skipped="0" hostname="DESKTOP-QTN1F52" name="com.radioButton.test.RadioButton" tests="1" failures="0" timestamp="2020-09-23T13:34:01 IST" time="27.331" errors="0">
  <testcase name="RadioButtonClick" time="27.331" classname="com.radioButton.test.RadioButton"/>
  <system-out/>
</testsuite> <!-- com.radioButton.test.RadioButton -->
